2013-10-02 20:06:58 [INFO] Starting minecraft server version 1.5.2
2013-10-02 20:06:58 [INFO] MinecraftForge v
2013-10-02 20:06:58 [INFO] 7.8.1.738
2013-10-02 20:06:58 [INFO]  Initialized

2013-10-02 20:06:58 [INFO] Replaced 85 ore recipies
2013-10-02 20:07:01 [INFO] Loading properties
2013-10-02 20:07:01 [WARNING] server.properties does not exist
2013-10-02 20:07:01 [INFO] Generating new properties file
2013-10-02 20:07:01 [INFO] Default game type: SURVIVAL
2013-10-02 20:07:01 [INFO] Generating keypair
2013-10-02 20:07:02 [INFO] Starting Minecraft server on *:25565
2013-10-02 20:07:03 [INFO] This server is running CraftBukkit version git-MCPC-Plus-jenkins-MCPC-Plus-Legacy-644 (MC: 1.5.2) (Implementing API version 1.5.2-R1.1-SNAPSHOT)
2013-10-02 20:07:03 [SEVERE] This version of MCPC+ handles chunk loading better if load-chunk-on-request is set to false. Please consider changing this value in your bukkit.yml
2013-10-02 20:07:03 [WARNING] Failed to load operators list: java.io.FileNotFoundException: .\ops.txt (The system cannot find the file specified)
2013-10-02 20:07:03 [WARNING] Failed to load white-list: java.io.FileNotFoundException: .\white-list.txt (The system cannot find the file specified)
2013-10-02 20:07:04 [INFO] Preparing level "world"
2013-10-02 20:07:04 [INFO] Registered command debug with permission node vanilla.command.debug
2013-10-02 20:07:04 [INFO] Registered command scoreboard with permission node vanilla.command.scoreboard
2013-10-02 20:07:05 [INFO] Preparing start region for level 0 (Dimension: 0, Seed: 7832212005506960850)
2013-10-02 20:07:05 [INFO] Preparing start region for level 1 (Dimension: 1, Seed: 7832212005506960850)
2013-10-02 20:07:05 [INFO] Preparing start region for level 2 (Dimension: -1, Seed: 7832212005506960850)
2013-10-02 20:07:06 [INFO] Preparing spawn area: 81%
2013-10-02 20:07:06 [INFO] Done (2.756s)! For help, type "help" or "?"
